# JRE version: OpenJDK Runtime Environment Temurin-21.0.7+6 (21.0.7+6) (build 21.0.7+6-LTS)
# Java VM: OpenJDK 64-Bit Server VM Temurin-21.0.7+6 (21.0.7+6-LTS, mixed mode, emulated-client, sharing, tiered, compressed oops, compressed class ptrs, g1 gc, windows-amd64)
GC Precious Log:
 CardTable entry size: 512
 Card Set container configuration: InlinePtr #cards 5 size 8 Array Of Cards #cards 12 size 40 Howl #buckets 4 coarsen threshold 1843 Howl Bitmap #cards 512 size 80 coarsen threshold 460 Card regions per heap region 1 cards per card region 2048
 CPUs: 12 total, 12 available
 Memory: 7501M
 Large Page Support: Disabled
 NUMA Support: Disabled
 Compressed Oops: Enabled (32-bit)
 Heap Region Size: 1M
 Heap Min Capacity: 8M
 Heap Initial Capacity: 118M
 Heap Max Capacity: 1876M
 Pre-touch: Disabled
 Parallel Workers: 10
 Concurrent Workers: 3
 Concurrent Refinement Workers: 10
 Periodic GC: Disabled
Heap:
 garbage-first heap   total 66560K, used 51179K [0x000000008ac00000, 0x0000000100000000)
  region size 1024K, 24 young (24576K), 3 survivors (3072K)
 Metaspace       used 69380K, committed 70080K, reserved 1114112K
  class space    used 9676K, committed 9984K, reserved 1048576K
GC Heap History (20 events):
Event: 484.799 GC heap after
{Heap after GC invocations=21 (full 0):
 garbage-first heap   total 51200K, used 31767K [0x000000008ac00000, 0x0000000100000000)
  region size 1024K, 1 young (1024K), 1 survivors (1024K)
 Metaspace       used 66414K, committed 67200K, reserved 1114112K
  class space    used 9285K, committed 9664K, reserved 1048576K
}
Event: 49671.965 GC heap before
{Heap before GC invocations=22 (full 0):
 garbage-first heap   total 55296K, used 45079K [0x000000008ac00000, 0x0000000100000000)
  region size 1024K, 14 young (14336K), 1 survivors (1024K)
 Metaspace       used 66078K, committed 67200K, reserved 1114112K
  class space    used 9196K, committed 9664K, reserved 1048576K
}
Event: 49671.989 GC heap after
{Heap after GC invocations=23 (full 0):
 garbage-first heap   total 55296K, used 32068K [0x000000008ac00000, 0x0000000100000000)
  region size 1024K, 2 young (2048K), 2 survivors (2048K)
 Metaspace       used 66078K, committed 67200K, reserved 1114112K
  class space    used 9196K, committed 9664K, reserved 1048576K
}
Event: 50087.670 GC heap before
{Heap before GC invocations=23 (full 0):
 garbage-first heap   total 55296K, used 47428K [0x000000008ac00000, 0x0000000100000000)
  region size 1024K, 17 young (17408K), 2 survivors (2048K)
 Metaspace       used 66152K, committed 67200K, reserved 1114112K
  class space    used 9210K, committed 9664K, reserved 1048576K
}
Event: 50087.732 GC heap after
{Heap after GC invocations=24 (full 0):
 garbage-first heap   total 55296K, used 29549K [0x000000008ac00000, 0x0000000100000000)
  region size 1024K, 2 young (2048K), 2 survivors (2048K)
 Metaspace       used 66152K, committed 67200K, reserved 1114112K
  class space    used 9210K, committed 9664K, reserved 1048576K
}
Event: 50409.593 GC heap before
{Heap before GC invocations=24 (full 0):
 garbage-first heap   total 55296K, used 46957K [0x000000008ac00000, 0x0000000100000000)
  region size 1024K, 20 young (20480K), 2 survivors (2048K)
 Metaspace       used 67855K, committed 68416K, reserved 1114112K
  class space    used 9466K, committed 9728K, reserved 1048576K
}
Event: 50409.605 GC heap after
{Heap after GC invocations=25 (full 0):
 garbage-first heap   total 55296K, used 29737K [0x000000008ac00000, 0x0000000100000000)
  region size 1024K, 2 young (2048K), 2 survivors (2048K)
 Metaspace       used 67855K, committed 68416K, reserved 1114112K
  class space    used 9466K, committed 9728K, reserved 1048576K
}
Event: 50783.155 GC heap before
{Heap before GC invocations=25 (full 0):
 garbage-first heap   total 55296K, used 47145K [0x000000008ac00000, 0x0000000100000000)
  region size 1024K, 20 young (20480K), 2 survivors (2048K)
 Metaspace       used 68746K, committed 69376K, reserved 1114112K
  class space    used 9586K, committed 9856K, reserved 1048576K
}
Event: 50783.185 GC heap after
{Heap after GC invocations=26 (full 0):
 garbage-first heap   total 55296K, used 30154K [0x000000008ac00000, 0x0000000100000000)
  region size 1024K, 2 young (2048K), 2 survivors (2048K)
 Metaspace       used 68746K, committed 69376K, reserved 1114112K
  class space    used 9586K, committed 9856K, reserved 1048576K
}
Event: 51223.400 GC heap before
{Heap before GC invocations=27 (full 0):
 garbage-first heap   total 55296K, used 47562K [0x000000008ac00000, 0x0000000100000000)
  region size 1024K, 20 young (20480K), 2 survivors (2048K)
 Metaspace       used 68748K, committed 69376K, reserved 1114112K
  class space    used 9586K, committed 9856K, reserved 1048576K
}
Event: 51223.415 GC heap after
{Heap after GC invocations=28 (full 0):
 garbage-first heap   total 55296K, used 30382K [0x000000008ac00000, 0x0000000100000000)
  region size 1024K, 2 young (2048K), 2 survivors (2048K)
 Metaspace       used 68748K, committed 69376K, reserved 1114112K
  class space    used 9586K, committed 9856K, reserved 1048576K
}
Event: 51371.673 GC heap before
{Heap before GC invocations=28 (full 0):
 garbage-first heap   total 55296K, used 38574K [0x000000008ac00000, 0x0000000100000000)
  region size 1024K, 11 young (11264K), 2 survivors (2048K)
 Metaspace       used 68875K, committed 69568K, reserved 1114112K
  class space    used 9617K, committed 9920K, reserved 1048576K
}
Event: 51371.866 GC heap after
{Heap after GC invocations=29 (full 1):
 garbage-first heap   total 55296K, used 23167K [0x000000008ac00000, 0x0000000100000000)
  region size 1024K, 0 young (0K), 0 survivors (0K)
 Metaspace       used 68756K, committed 69568K, reserved 1114112K
  class space    used 9589K, committed 9920K, reserved 1048576K
}
Event: 51372.684 GC heap before
{Heap before GC invocations=29 (full 1):
 garbage-first heap   total 55296K, used 48767K [0x000000008ac00000, 0x0000000100000000)
  region size 1024K, 25 young (25600K), 0 survivors (0K)
 Metaspace       used 68875K, committed 69568K, reserved 1114112K
  class space    used 9609K, committed 9920K, reserved 1048576K
}
Event: 51372.689 GC heap after
{Heap after GC invocations=30 (full 1):
 garbage-first heap   total 55296K, used 25970K [0x000000008ac00000, 0x0000000100000000)
  region size 1024K, 3 young (3072K), 3 survivors (3072K)
 Metaspace       used 68875K, committed 69568K, reserved 1114112K
  class space    used 9609K, committed 9920K, reserved 1048576K
}
Event: 51373.048 GC heap before
{Heap before GC invocations=31 (full 1):
 garbage-first heap   total 55296K, used 44402K [0x000000008ac00000, 0x0000000100000000)
  region size 1024K, 22 young (22528K), 3 survivors (3072K)
 Metaspace       used 68947K, committed 69632K, reserved 1114112K
  class space    used 9627K, committed 9920K, reserved 1048576K
}
Event: 51373.052 GC heap after
{Heap after GC invocations=32 (full 1):
 garbage-first heap   total 55296K, used 28838K [0x000000008ac00000, 0x0000000100000000)
  region size 1024K, 3 young (3072K), 3 survivors (3072K)
 Metaspace       used 68947K, committed 69632K, reserved 1114112K
  class space    used 9627K, committed 9920K, reserved 1048576K
}
Event: 51373.429 GC heap before
{Heap before GC invocations=32 (full 1):
 garbage-first heap   total 55296K, used 45222K [0x000000008ac00000, 0x0000000100000000)
  region size 1024K, 19 young (19456K), 3 survivors (3072K)
 Metaspace       used 69140K, committed 69760K, reserved 1114112K
  class space    used 9647K, committed 9920K, reserved 1048576K
}
Event: 51373.433 GC heap after
{Heap after GC invocations=33 (full 1):
 garbage-first heap   total 66560K, used 30699K [0x000000008ac00000, 0x0000000100000000)
  region size 1024K, 3 young (3072K), 3 survivors (3072K)
 Metaspace       used 69140K, committed 69760K, reserved 1114112K
  class space    used 9647K, committed 9920K, reserved 1048576K
}
Event: 51381.192 GC heap before
{Heap before GC invocations=33 (full 1):
 garbage-first heap   total 66560K, used 51179K [0x000000008ac00000, 0x0000000100000000)
  region size 1024K, 24 young (24576K), 3 survivors (3072K)
 Metaspace       used 69380K, committed 70080K, reserved 1114112K
  class space    used 9676K, committed 9984K, reserved 1048576K
}

